2021-02-15 05:55:00.069  INFO 219427 --- [           main] c.becon.opencelium.backend.Application   : Starting Application on opencelium-demo.becon.de with PID 219427 (/opt/src/backend/build/libs/opencelium.backend-0.0.1-SNAPSHOT.jar started by root in /opt/src/backend)
2021-02-15 05:55:00.086  INFO 219427 --- [           main] c.becon.opencelium.backend.Application   : No active profile set, falling back to default profiles: default
2021-02-15 05:55:02.639  INFO 219427 --- [           main] .s.d.r.c.RepositoryConfigurationDelegate : Multiple Spring Data modules found, entering strict repository configuration mode!
2021-02-15 05:55:02.639  INFO 219427 --- [           main] .s.d.r.c.RepositoryConfigurationDelegate : Bootstrapping Spring Data repositories in DEFAULT mode.
2021-02-15 05:55:02.793  INFO 219427 --- [           main] .s.d.r.c.RepositoryConfigurationDelegate : Finished Spring Data repository scanning in 137ms. Found 7 repository interfaces.
2021-02-15 05:55:02.796  INFO 219427 --- [           main] .s.d.r.c.RepositoryConfigurationDelegate : Multiple Spring Data modules found, entering strict repository configuration mode!
2021-02-15 05:55:02.796  INFO 219427 --- [           main] .s.d.r.c.RepositoryConfigurationDelegate : Bootstrapping Spring Data repositories in DEFAULT mode.
2021-02-15 05:55:03.103  INFO 219427 --- [           main] .s.d.r.c.RepositoryConfigurationDelegate : Finished Spring Data repository scanning in 300ms. Found 19 repository interfaces.
2021-02-15 05:55:03.105  INFO 219427 --- [           main] .s.d.r.c.RepositoryConfigurationDelegate : Multiple Spring Data modules found, entering strict repository configuration mode!
2021-02-15 05:55:03.105  INFO 219427 --- [           main] .s.d.r.c.RepositoryConfigurationDelegate : Bootstrapping Spring Data repositories in DEFAULT mode.
2021-02-15 05:55:03.129  INFO 219427 --- [           main] .s.d.r.c.RepositoryConfigurationDelegate : Finished Spring Data repository scanning in 24ms. Found 1 repository interfaces.
2021-02-15 05:55:06.027  INFO 219427 --- [           main] trationDelegate$BeanPostProcessorChecker : Bean 'org.springframework.ws.config.annotation.DelegatingWsConfiguration' of type [org.springframework.ws.config.annotation.DelegatingWsConfiguration$$EnhancerBySpringCGLIB$$5ae8083] is not eligible for getting processed by all BeanPostProcessors (for example: not eligible for auto-proxying)
2021-02-15 05:55:06.098  INFO 219427 --- [           main] .w.s.a.s.AnnotationActionEndpointMapping : Supporting [WS-Addressing August 2004, WS-Addressing 1.0]
2021-02-15 05:55:06.258  INFO 219427 --- [           main] trationDelegate$BeanPostProcessorChecker : Bean 'org.springframework.transaction.annotation.ProxyTransactionManagementConfiguration' of type [org.springframework.transaction.annotation.ProxyTransactionManagementConfiguration$$EnhancerBySpringCGLIB$$6116bb84] is not eligible for getting processed by all BeanPostProcessors (for example: not eligible for auto-proxying)
2021-02-15 05:55:06.465  INFO 219427 --- [           main] trationDelegate$BeanPostProcessorChecker : Bean 'org.springframework.hateoas.config.HateoasConfiguration' of type [org.springframework.hateoas.config.HateoasConfiguration$$EnhancerBySpringCGLIB$$e09708b6] is not eligible for getting processed by all BeanPostProcessors (for example: not eligible for auto-proxying)
2021-02-15 05:55:06.946  INFO 219427 --- [           main] o.s.b.w.embedded.tomcat.TomcatWebServer  : Tomcat initialized with port(s): 9090 (http)
2021-02-15 05:55:06.988  INFO 219427 --- [           main] o.apache.catalina.core.StandardService   : Starting service [Tomcat]
2021-02-15 05:55:06.989  INFO 219427 --- [           main] org.apache.catalina.core.StandardEngine  : Starting Servlet engine: [Apache Tomcat/9.0.22]
2021-02-15 05:55:07.135  INFO 219427 --- [           main] o.a.c.c.C.[Tomcat].[localhost].[/]       : Initializing Spring embedded WebApplicationContext
2021-02-15 05:55:07.135  INFO 219427 --- [           main] o.s.web.context.ContextLoader            : Root WebApplicationContext: initialization completed in 6927 ms
2021-02-15 05:55:07.749  INFO 219427 --- [           main] com.zaxxer.hikari.HikariDataSource       : HikariPool-1 - Starting...
2021-02-15 05:55:07.905  INFO 219427 --- [           main] com.zaxxer.hikari.HikariDataSource       : HikariPool-1 - Start completed.
2021-02-15 05:55:08.787  INFO 219427 --- [           main] liquibase.executor.jvm.JdbcExecutor      : SELECT COUNT(*) FROM opencelium.DATABASECHANGELOGLOCK
2021-02-15 05:55:08.794  INFO 219427 --- [           main] liquibase.executor.jvm.JdbcExecutor      : SELECT COUNT(*) FROM opencelium.DATABASECHANGELOGLOCK
2021-02-15 05:55:08.796  INFO 219427 --- [           main] liquibase.executor.jvm.JdbcExecutor      : SELECT `LOCKED` FROM opencelium.DATABASECHANGELOGLOCK WHERE ID=1
2021-02-15 05:55:08.809  INFO 219427 --- [           main] l.lockservice.StandardLockService        : Successfully acquired change log lock
2021-02-15 05:55:09.912  INFO 219427 --- [           main] liquibase.executor.jvm.JdbcExecutor      : SELECT MD5SUM FROM opencelium.DATABASECHANGELOG WHERE MD5SUM IS NOT NULL LIMIT 1
2021-02-15 05:55:09.913  INFO 219427 --- [           main] liquibase.executor.jvm.JdbcExecutor      : SELECT COUNT(*) FROM opencelium.DATABASECHANGELOG
2021-02-15 05:55:09.914  INFO 219427 --- [           main] l.c.StandardChangeLogHistoryService      : Reading from opencelium.DATABASECHANGELOG
2021-02-15 05:55:09.914  INFO 219427 --- [           main] liquibase.executor.jvm.JdbcExecutor      : SELECT * FROM opencelium.DATABASECHANGELOG ORDER BY DATEEXECUTED ASC, ORDEREXECUTED ASC
2021-02-15 05:55:09.924  INFO 219427 --- [           main] l.lockservice.StandardLockService        : Successfully released change log lock
2021-02-15 05:55:10.087  INFO 219427 --- [           main] o.hibernate.jpa.internal.util.LogHelper  : HHH000204: Processing PersistenceUnitInfo [
	name: default
	...]
2021-02-15 05:55:10.194  INFO 219427 --- [           main] org.hibernate.Version                    : HHH000412: Hibernate Core {5.3.10.Final}
2021-02-15 05:55:10.197  INFO 219427 --- [           main] org.hibernate.cfg.Environment            : HHH000206: hibernate.properties not found
2021-02-15 05:55:10.732  INFO 219427 --- [           main] o.hibernate.annotations.common.Version   : HCANN000001: Hibernate Commons Annotations {5.0.4.Final}
2021-02-15 05:55:11.202  INFO 219427 --- [           main] org.hibernate.dialect.Dialect            : HHH000400: Using dialect: org.hibernate.dialect.MariaDB103Dialect
2021-02-15 05:55:12.710  INFO 219427 --- [           main] j.LocalContainerEntityManagerFactoryBean : Initialized JPA EntityManagerFactory for persistence unit 'default'
2021-02-15 05:55:14.268  INFO 219427 --- [           main] o.elasticsearch.plugins.PluginsService   : no modules loaded
2021-02-15 05:55:14.270  INFO 219427 --- [           main] o.elasticsearch.plugins.PluginsService   : loaded plugin [org.elasticsearch.index.reindex.ReindexPlugin]
2021-02-15 05:55:14.270  INFO 219427 --- [           main] o.elasticsearch.plugins.PluginsService   : loaded plugin [org.elasticsearch.join.ParentJoinPlugin]
2021-02-15 05:55:14.270  INFO 219427 --- [           main] o.elasticsearch.plugins.PluginsService   : loaded plugin [org.elasticsearch.percolator.PercolatorPlugin]
2021-02-15 05:55:14.270  INFO 219427 --- [           main] o.elasticsearch.plugins.PluginsService   : loaded plugin [org.elasticsearch.script.mustache.MustachePlugin]
2021-02-15 05:55:14.270  INFO 219427 --- [           main] o.elasticsearch.plugins.PluginsService   : loaded plugin [org.elasticsearch.transport.Netty4Plugin]
2021-02-15 05:55:16.957  INFO 219427 --- [           main] org.neo4j.ogm.metadata.DomainInfo        : Starting Post-processing phase
2021-02-15 05:55:16.958  INFO 219427 --- [           main] org.neo4j.ogm.metadata.DomainInfo        : Building annotation class map
2021-02-15 05:55:16.958  INFO 219427 --- [           main] org.neo4j.ogm.metadata.DomainInfo        : Building interface class map for 47 classes
2021-02-15 05:55:16.973  INFO 219427 --- [           main] org.neo4j.ogm.metadata.DomainInfo        : Post-processing complete
2021-02-15 05:55:18.095  INFO 219427 --- [           main] o.s.boot.web.servlet.RegistrationBean    : Filter authorizationFilter was not registered (disabled)
2021-02-15 05:55:18.362  INFO 219427 --- [           main] o.s.d.neo4j.mapping.Neo4jMappingContext  : No class information found in OGM meta-data for class com.becon.opencelium.backend.mysql.service.EnhancementServiceImp so treating as simple type for SD Commons
2021-02-15 05:55:18.363  INFO 219427 --- [           main] o.s.d.neo4j.mapping.Neo4jMappingContext  : No class information found in OGM meta-data for class com.becon.opencelium.backend.invoker.service.InvokerServiceImp so treating as simple type for SD Commons
2021-02-15 05:55:18.431  INFO 219427 --- [           main] o.s.d.neo4j.mapping.Neo4jMappingContext  : No class information found in OGM meta-data for class com.becon.opencelium.backend.utility.ActionUtility so treating as simple type for SD Commons
2021-02-15 05:55:18.448  INFO 219427 --- [           main] o.s.d.neo4j.mapping.Neo4jMappingContext  : No class information found in OGM meta-data for class com.becon.opencelium.backend.validation.connection.ValidationContext so treating as simple type for SD Commons
2021-02-15 05:55:18.492  INFO 219427 --- [           main] o.s.d.neo4j.mapping.Neo4jMappingContext  : Neo4jMappingContext initialisation completed
2021-02-15 05:55:19.144  INFO 219427 --- [           main] org.quartz.impl.StdSchedulerFactory      : Using default implementation for ThreadExecutor
2021-02-15 05:55:19.163  INFO 219427 --- [           main] org.quartz.core.SchedulerSignalerImpl    : Initialized Scheduler Signaller of type: class org.quartz.core.SchedulerSignalerImpl
2021-02-15 05:55:19.163  INFO 219427 --- [           main] org.quartz.core.QuartzScheduler          : Quartz Scheduler v.2.3.1 created.
2021-02-15 05:55:19.166  INFO 219427 --- [           main] o.s.s.quartz.LocalDataSourceJobStore     : Using db table-based data access locking (synchronization).
2021-02-15 05:55:19.169  INFO 219427 --- [           main] o.s.s.quartz.LocalDataSourceJobStore     : JobStoreCMT initialized.
2021-02-15 05:55:19.170  INFO 219427 --- [           main] org.quartz.core.QuartzScheduler          : Scheduler meta-data: Quartz Scheduler (v2.3.1) 'quartzScheduler' with instanceId 'NON_CLUSTERED'
  Scheduler class: 'org.quartz.core.QuartzScheduler' - running locally.
  NOT STARTED.
  Currently in standby mode.
  Number of jobs executed: 0
  Using thread pool 'org.quartz.simpl.SimpleThreadPool' - with 5 threads.
  Using job-store 'org.springframework.scheduling.quartz.LocalDataSourceJobStore' - which supports persistence. and is not clustered.

2021-02-15 05:55:19.170  INFO 219427 --- [           main] org.quartz.impl.StdSchedulerFactory      : Quartz scheduler 'quartzScheduler' initialized from an externally provided properties instance.
2021-02-15 05:55:19.170  INFO 219427 --- [           main] org.quartz.impl.StdSchedulerFactory      : Quartz scheduler version: 2.3.1
2021-02-15 05:55:19.170  INFO 219427 --- [           main] org.quartz.core.QuartzScheduler          : JobFactory set to: org.springframework.scheduling.quartz.SpringBeanJobFactory@422ab737
2021-02-15 05:55:19.369 ERROR 219427 --- [           main] .d.e.r.s.AbstractElasticsearchRepository : failed to load elasticsearch nodes : org.elasticsearch.client.transport.NoNodeAvailableException: None of the configured nodes are available: [{#transport#-1}{I9KGme5gQDWosgxkIaxFlA}{localhost}{127.0.0.1:9300}]
2021-02-15 05:55:19.380  INFO 219427 --- [           main] o.s.aop.framework.CglibAopProxy          : Unable to proxy interface-implementing method [public final void org.springframework.scheduling.quartz.QuartzJobBean.execute(org.quartz.JobExecutionContext) throws org.quartz.JobExecutionException] because it is marked as final: Consider using interface-based JDK proxies instead!
2021-02-15 05:55:19.689  INFO 219427 --- [           main] o.s.s.concurrent.ThreadPoolTaskExecutor  : Initializing ExecutorService 'applicationTaskExecutor'
2021-02-15 05:55:19.782  WARN 219427 --- [           main] aWebConfiguration$JpaWebMvcConfiguration : spring.jpa.open-in-view is enabled by default. Therefore, database queries may be performed during view rendering. Explicitly configure spring.jpa.open-in-view to disable this warning
2021-02-15 05:55:19.790  WARN 219427 --- [           main] ebConfiguration$Neo4jWebMvcConfiguration : spring.data.neo4j.open-in-view is enabled by default.Therefore, database queries may be performed during view rendering. Explicitly configure spring.data.neo4j.open-in-view to disable this warning
2021-02-15 05:55:20.476  INFO 219427 --- [           main] o.s.s.web.DefaultSecurityFilterChain     : Creating filter chain: Ant [pattern='/api/storage/files/**'], []
2021-02-15 05:55:20.476  INFO 219427 --- [           main] o.s.s.web.DefaultSecurityFilterChain     : Creating filter chain: Ant [pattern='/api/webhook/execute/**'], []
2021-02-15 05:55:20.518  INFO 219427 --- [           main] o.s.s.web.DefaultSecurityFilterChain     : Creating filter chain: any request, [org.springframework.security.web.context.request.async.WebAsyncManagerIntegrationFilter@76973a6, org.springframework.security.web.context.SecurityContextPersistenceFilter@6274f21c, org.springframework.security.web.header.HeaderWriterFilter@1a7cb3a4, org.springframework.web.filter.CorsFilter@71a4f441, org.springframework.security.web.authentication.logout.LogoutFilter@7889b4b9, com.becon.opencelium.backend.security.AuthenticationFilter@4cc36c19, com.becon.opencelium.backend.security.AuthorizationFilter@58740366, org.springframework.security.web.savedrequest.RequestCacheAwareFilter@237add, org.springframework.security.web.servletapi.SecurityContextHolderAwareRequestFilter@4fa86cb8, org.springframework.security.web.authentication.AnonymousAuthenticationFilter@24876a7e, org.springframework.security.web.session.SessionManagementFilter@33e0c716, org.springframework.security.web.access.ExceptionTranslationFilter@ab4aa5e, org.springframework.security.web.access.intercept.FilterSecurityInterceptor@59018eed]
2021-02-15 05:55:20.642  INFO 219427 --- [           main] o.s.b.a.e.web.EndpointLinksResolver      : Exposing 2 endpoint(s) beneath base path '/actuator'
2021-02-15 05:55:20.893  INFO 219427 --- [           main] o.s.s.quartz.SchedulerFactoryBean        : Starting Quartz Scheduler now
2021-02-15 05:55:20.920  INFO 219427 --- [           main] o.s.s.quartz.LocalDataSourceJobStore     : Freed 0 triggers from 'acquired' / 'blocked' state.
2021-02-15 05:55:20.924  INFO 219427 --- [           main] o.s.s.quartz.LocalDataSourceJobStore     : Recovering 0 jobs that were in-progress at the time of the last shut-down.
2021-02-15 05:55:20.924  INFO 219427 --- [           main] o.s.s.quartz.LocalDataSourceJobStore     : Recovery complete.
2021-02-15 05:55:20.924  INFO 219427 --- [           main] o.s.s.quartz.LocalDataSourceJobStore     : Removed 0 'complete' triggers.
2021-02-15 05:55:20.925  INFO 219427 --- [           main] o.s.s.quartz.LocalDataSourceJobStore     : Removed 0 stale fired job entries.
2021-02-15 05:55:20.927  INFO 219427 --- [           main] org.quartz.core.QuartzScheduler          : Scheduler quartzScheduler_$_NON_CLUSTERED started.
2021-02-15 05:55:20.988  INFO 219427 --- [           main] o.s.b.w.embedded.tomcat.TomcatWebServer  : Tomcat started on port(s): 9090 (http) with context path ''
2021-02-15 05:55:20.991  INFO 219427 --- [           main] c.becon.opencelium.backend.Application   : Started Application in 22.392 seconds (JVM running for 23.342)
2021-02-15 05:55:21.062  INFO 219427 --- [           main] o.h.h.i.QueryTranslatorFactoryInitiator  : HHH000397: Using ASTQueryTranslatorFactory
2021-02-15 05:58:02.548  INFO 219427 --- [nio-9090-exec-1] o.a.c.c.C.[Tomcat].[localhost].[/]       : Initializing Spring DispatcherServlet 'dispatcherServlet'
2021-02-15 05:58:02.549  INFO 219427 --- [nio-9090-exec-1] o.s.web.servlet.DispatcherServlet        : Initializing Servlet 'dispatcherServlet'
2021-02-15 05:58:02.604  INFO 219427 --- [nio-9090-exec-1] o.s.web.servlet.DispatcherServlet        : Completed initialization in 55 ms
