yarn run v1.21.1
warning package.json: License should be a valid SPDX license expression
$ node server.development.js --env.development
Start integrating libs ...
./node_modules/rc-datetime-picker/dist/picker.css DONE
./node_modules/rc-datetime-picker/src/less/picker.less DONE
./node_modules/rc-datetime-picker/dist/rc-datetime-picker.js DONE
./node_modules/rc-datetime-picker/dist/rc-datetime-picker.cjs.js DONE
./node_modules/react-toolbox/lib/dropdown/Dropdown.js DONE
./node_modules/react-toolbox/lib/link/Link.js DONE
./node_modules/storm-react-diagrams/dist/main.js DONE
./node_modules/storm-react-diagrams/dist/main.js.map DONE
./node_modules/storm-react-diagrams/dist/style.min.css DONE
./node_modules/react-json-view/dist/main.js DONE
Finish integration.
[34mℹ[39m [90m｢wds｣[39m: Project is running at http://localhost:8081/webpack-dev-server/
[34mℹ[39m [90m｢wds｣[39m: webpack output is served from /
[34mℹ[39m [90m｢wds｣[39m: Content not from webpack is served from /opt/src/frontend
[34mℹ[39m [90m｢wds｣[39m: 404s will fallback to /index.html
[34mℹ[39m [90m｢wdm｣[39m: Hash: [1m5606d8598b1748ac20a4[39m[22m
Version: webpack [1m4.41.2[39m[22m
Time: [1m34129[39m[22mms
Built at: 02/14/2020 [1m5:26:23 PM[39m[22m
                                                                                                               [1mAsset[39m[22m       [1mSize[39m[22m                                                                                                         [1mChunks[39m[22m  [1m[39m[22m                 [1m[39m[22m[1mChunk Names[39m[22m
                                                                                                         [1m[32m2K6TPVL.png[39m[22m   1.82 KiB                                                                                                               [1m[39m[22m  [1m[32m[emitted][39m[22m        
                                                                                                [1m[32madmin_card_layout.js[39m[22m   10.7 KiB                                                                                              [1madmin_card_layout[39m[22m  [1m[32m[emitted][39m[22m        admin_card_layout
                                                                                            [1m[32madmin_card_layout.js.map[39m[22m  101 bytes                                                                                              [1madmin_card_layout[39m[22m  [1m[32m[emitted] [dev][39m[22m  admin_card_layout
                                                                                                  [1m[32madmin_card_list.js[39m[22m   18.5 KiB                                                                                                [1madmin_card_list[39m[22m  [1m[32m[emitted][39m[22m        admin_card_list
                                                                                              [1m[32madmin_card_list.js.map[39m[22m   99 bytes                                                                                                [1madmin_card_list[39m[22m  [1m[32m[emitted] [dev][39m[22m  admin_card_list
    [1m[32madmin_card_list~app_list~connection_add~connection_graph~connection_list~connection_update~connectio~2455e82f.js[39m[22m   49.2 KiB  [1madmin_card_list~app_list~connection_add~connection_graph~connection_list~connection_update~connectio~2455e82f[39m[22m  [1m[32m[emitted][39m[22m        admin_card_list~app_list~connection_add~connection_graph~connection_list~connection_update~connectio~2455e82f
[1m[32madmin_card_list~app_list~connection_add~connection_graph~connection_list~connection_update~connectio~2455e82f.js.map[39m[22m  227 bytes  [1madmin_card_list~app_list~connection_add~connection_graph~connection_list~connection_update~connectio~2455e82f[39m[22m  [1m[32m[emitted] [dev][39m[22m  admin_card_list~app_list~connection_add~connection_graph~connection_list~connection_update~connectio~2455e82f
    [1m[32madmin_card_list~app_list~connection_add~connection_graph~connection_list~connection_update~connectio~eebe07d1.js[39m[22m   56.7 KiB  [1madmin_card_list~app_list~connection_add~connection_graph~connection_list~connection_update~connectio~eebe07d1[39m[22m  [1m[32m[emitted][39m[22m        admin_card_list~app_list~connection_add~connection_graph~connection_list~connection_update~connectio~eebe07d1
[1m[32madmin_card_list~app_list~connection_add~connection_graph~connection_list~connection_update~connectio~eebe07d1.js.map[39m[22m  227 bytes  [1madmin_card_list~app_list~connection_add~connection_graph~connection_list~connection_update~connectio~eebe07d1[39m[22m  [1m[32m[emitted] [dev][39m[22m  admin_card_list~app_list~connection_add~connection_graph~connection_list~connection_update~connectio~eebe07d1
    [1m[32madmin_card_list~app_list~connection_add~connection_list~connection_update~connection_view~connector_~ea27f51d.js[39m[22m   30.8 KiB  [1madmin_card_list~app_list~connection_add~connection_list~connection_update~connection_view~connector_~ea27f51d[39m[22m  [1m[32m[emitted][39m[22m        admin_card_list~app_list~connection_add~connection_list~connection_update~connection_view~connector_~ea27f51d
[1m[32madmin_card_list~app_list~connection_add~connection_list~connection_update~connection_view~connector_~ea27f51d.js.map[39m[22m  205 bytes  [1madmin_card_list~app_list~connection_add~connection_list~connection_update~connection_view~connector_~ea27f51d[39m[22m  [1m[32m[emitted] [dev][39m[22m  admin_card_list~app_list~connection_add~connection_list~connection_update~connection_view~connector_~ea27f51d
    [1m[32madmin_card_list~app_list~connection_add~connection_list~connection_update~connector_add~connector_li~f75ee327.js[39m[22m   77.7 KiB  [1madmin_card_list~app_list~connection_add~connection_list~connection_update~connector_add~connector_li~f75ee327[39m[22m  [1m[32m[emitted][39m[22m        admin_card_list~app_list~connection_add~connection_list~connection_update~connector_add~connector_li~f75ee327
[1m[32madmin_card_list~app_list~connection_add~connection_list~connection_update~connector_add~connector_li~f75ee327.js.map[39m[22m  229 bytes  [1madmin_card_list~app_list~connection_add~connection_list~connection_update~connector_add~connector_li~f75ee327[39m[22m  [1m[32m[emitted] [dev][39m[22m  admin_card_list~app_list~connection_add~connection_list~connection_update~connector_add~connector_li~f75ee327
    [1m[32madmin_card_list~app_list~connection_list~connector_list~invoker_list~scheduler~template_list~user_gr~edad0265.js[39m[22m    110 KiB  [1madmin_card_list~app_list~connection_list~connector_list~invoker_list~scheduler~template_list~user_gr~edad0265[39m[22m  [1m[32m[emitted][39m[22m        admin_card_list~app_list~connection_list~connector_list~invoker_list~scheduler~template_list~user_gr~edad0265
[1m[32madmin_card_list~app_list~connection_list~connector_list~invoker_list~scheduler~template_list~user_gr~edad0265.js.map[39m[22m  287 bytes  [1madmin_card_list~app_list~connection_list~connector_list~invoker_list~scheduler~template_list~user_gr~edad0265[39m[22m  [1m[32m[emitted] [dev][39m[22m  admin_card_list~app_list~connection_list~connector_list~invoker_list~scheduler~template_list~user_gr~edad0265
     [1m[32madmin_card_list~app_list~connection_list~connector_list~invoker_list~template_list~user_group_list~user_list.js[39m[22m    161 KiB   [1madmin_card_list~app_list~connection_list~connector_list~invoker_list~template_list~user_group_list~user_list[39m[22m  [1m[32m[emitted][39m[22m        admin_card_list~app_list~connection_list~connector_list~invoker_list~template_list~user_group_list~user_list
 [1m[32madmin_card_list~app_list~connection_list~connector_list~invoker_list~template_list~user_group_list~user_list.js.map[39m[22m  264 bytes   [1madmin_card_list~app_list~connection_list~connector_list~invoker_list~template_list~user_group_list~user_list[39m[22m  [1m[32m[emitted] [dev][39m[22m  admin_card_list~app_list~connection_list~connector_list~invoker_list~template_list~user_group_list~user_list
                                                                                                       [1m[32mapp_layout.js[39m[22m   10.5 KiB                                                                                                     [1mapp_layout[39m[22m  [1m[32m[emitted][39m[22m        app_layout
                                                                                                   [1m[32mapp_layout.js.map[39m[22m   94 bytes                                                                                                     [1mapp_layout[39m[22m  [1m[32m[emitted] [dev][39m[22m  app_layout
                                                                                                         [1m[32mapp_list.js[39m[22m   17.9 KiB                                                                                                       [1mapp_list[39m[22m  [1m[32m[emitted][39m[22m        app_list
                                                                                                     [1m[32mapp_list.js.map[39m[22m   92 bytes                                                                                                       [1mapp_list[39m[22m  [1m[32m[emitted] [dev][39m[22m  app_list
                                                                                                           [1m[32mbundle.js[39m[22m   16.9 MiB                                                                                                         [1mbundle[39m[22m  [1m[32m[emitted][39m[22m        bundle
                                                                                                       [1m[32mbundle.js.map[39m[22m   31.6 KiB                                                                                                         [1mbundle[39m[22m  [1m[32m[emitted] [dev][39m[22m  bundle
                                                                                                   [1m[32mconnection_add.js[39m[22m     52 KiB                                                                                                 [1mconnection_add[39m[22m  [1m[32m[emitted][39m[22m        connection_add
                                                                                               [1m[32mconnection_add.js.map[39m[22m   98 bytes                                                                                                 [1mconnection_add[39m[22m  [1m[32m[emitted] [dev][39m[22m  connection_add
    [1m[32mconnection_add~connection_graph~connection_update~connection_view~connector_add~connector_update~con~342da356.js[39m[22m     66 KiB  [1mconnection_add~connection_graph~connection_update~connection_view~connector_add~connector_update~con~342da356[39m[22m  [1m[32m[emitted][39m[22m        connection_add~connection_graph~connection_update~connection_view~connector_add~connector_update~con~342da356
[1m[32mconnection_add~connection_graph~connection_update~connection_view~connector_add~connector_update~con~342da356.js.map[39m[22m  263 bytes  [1mconnection_add~connection_graph~connection_update~connection_view~connector_add~connector_update~con~342da356[39m[22m  [1m[32m[emitted] [dev][39m[22m  connection_add~connection_graph~connection_update~connection_view~connector_add~connector_update~con~342da356
    [1m[32mconnection_add~connection_graph~connection_update~connection_view~connector_add~connector_update~con~c61f9255.js[39m[22m   36.3 KiB  [1mconnection_add~connection_graph~connection_update~connection_view~connector_add~connector_update~con~c61f9255[39m[22m  [1m[32m[emitted][39m[22m        connection_add~connection_graph~connection_update~connection_view~connector_add~connector_update~con~c61f9255
[1m[32mconnection_add~connection_graph~connection_update~connection_view~connector_add~connector_update~con~c61f9255.js.map[39m[22m  193 bytes  [1mconnection_add~connection_graph~connection_update~connection_view~connector_add~connector_update~con~c61f9255[39m[22m  [1m[32m[emitted] [dev][39m[22m  connection_add~connection_graph~connection_update~connection_view~connector_add~connector_update~con~c61f9255
    [1m[32mconnection_add~connection_update~connection_view~connector_add~connector_update~invoker_update~login~9febf362.js[39m[22m    111 KiB  [1mconnection_add~connection_update~connection_view~connector_add~connector_update~invoker_update~login~9febf362[39m[22m  [1m[32m[emitted][39m[22m        connection_add~connection_update~connection_view~connector_add~connector_update~invoker_update~login~9febf362
[1m[32mconnection_add~connection_update~connection_view~connector_add~connector_update~invoker_update~login~9febf362.js.map[39m[22m  215 bytes  [1mconnection_add~connection_update~connection_view~connector_add~connector_update~invoker_update~login~9febf362[39m[22m  [1m[32m[emitted] [dev][39m[22m  connection_add~connection_update~connection_view~connector_add~connector_update~invoker_update~login~9febf362
    [1m[32mconnection_add~connection_update~connection_view~connector_add~connector_update~invoker_update~user_~b17aedf2.js[39m[22m   2.22 MiB  [1mconnection_add~connection_update~connection_view~connector_add~connector_update~invoker_update~user_~b17aedf2[39m[22m  [1m[32m[emitted][39m[22m        connection_add~connection_update~connection_view~connector_add~connector_update~invoker_update~user_~b17aedf2
[1m[32mconnection_add~connection_update~connection_view~connector_add~connector_update~invoker_update~user_~b17aedf2.js.map[39m[22m   1.26 KiB  [1mconnection_add~connection_update~connection_view~connector_add~connector_update~invoker_update~user_~b17aedf2[39m[22m  [1m[32m[emitted] [dev][39m[22m  connection_add~connection_update~connection_view~connector_add~connector_update~invoker_update~user_~b17aedf2
                                                                                                 [1m[32mconnection_graph.js[39m[22m    191 KiB                                                                                               [1mconnection_graph[39m[22m  [1m[32m[emitted][39m[22m        connection_graph
                                                                                             [1m[32mconnection_graph.js.map[39m[22m  146 bytes                                                                                               [1mconnection_graph[39m[22m  [1m[32m[emitted] [dev][39m[22m  connection_graph
                                                                                                [1m[32mconnection_layout.js[39m[22m   10.8 KiB                                                                                              [1mconnection_layout[39m[22m  [1m[32m[emitted][39m[22m        connection_layout
                                                                                            [1m[32mconnection_layout.js.map[39m[22m  101 bytes                                                                                              [1mconnection_layout[39m[22m  [1m[32m[emitted] [dev][39m[22m  connection_layout
                                                                                                  [1m[32mconnection_list.js[39m[22m   20.7 KiB                                                                                                [1mconnection_list[39m[22m  [1m[32m[emitted][39m[22m        connection_list
                                                                                              [1m[32mconnection_list.js.map[39m[22m   99 bytes                                                                                                [1mconnection_list[39m[22m  [1m[32m[emitted] [dev][39m[22m  connection_list
                                                                                                [1m[32mconnection_update.js[39m[22m   46.2 KiB                                                                                              [1mconnection_update[39m[22m  [1m[32m[emitted][39m[22m        connection_update
                                                                                            [1m[32mconnection_update.js.map[39m[22m  101 bytes                                                                                              [1mconnection_update[39m[22m  [1m[32m[emitted] [dev][39m[22m  connection_update
                                                                                                  [1m[32mconnection_view.js[39m[22m   28.3 KiB                                                                                                [1mconnection_view[39m[22m  [1m[32m[emitted][39m[22m        connection_view
                                                                                              [1m[32mconnection_view.js.map[39m[22m  111 bytes                                                                                                [1mconnection_view[39m[22m  [1m[32m[emitted] [dev][39m[22m  connection_view
                                                                                                    [1m[32mconnector_add.js[39m[22m   69.9 KiB                                                                                                  [1mconnector_add[39m[22m  [1m[32m[emitted][39m[22m        connector_add
                                                                                                [1m[32mconnector_add.js.map[39m[22m  109 bytes                                                                                                  [1mconnector_add[39m[22m  [1m[32m[emitted] [dev][39m[22m  connector_add
                                                                                                 [1m[32mconnector_layout.js[39m[22m   10.7 KiB                                                                                               [1mconnector_layout[39m[22m  [1m[32m[emitted][39m[22m        connector_layout
                                                                                             [1m[32mconnector_layout.js.map[39m[22m  100 bytes                                                                                               [1mconnector_layout[39m[22m  [1m[32m[emitted] [dev][39m[22m  connector_layout
                                                                                                   [1m[32mconnector_list.js[39m[22m   20.4 KiB                                                                                                 [1mconnector_list[39m[22m  [1m[32m[emitted][39m[22m        connector_list
                                                                                               [1m[32mconnector_list.js.map[39m[22m   98 bytes                                                                                                 [1mconnector_list[39m[22m  [1m[32m[emitted] [dev][39m[22m  connector_list
                                                                                                 [1m[32mconnector_update.js[39m[22m     76 KiB                                                                                               [1mconnector_update[39m[22m  [1m[32m[emitted][39m[22m        connector_update
                                                                                             [1m[32mconnector_update.js.map[39m[22m  112 bytes                                                                                               [1mconnector_update[39m[22m  [1m[32m[emitted] [dev][39m[22m  connector_update
                                                                                                   [1m[32mconnector_view.js[39m[22m    105 KiB                                                                                                 [1mconnector_view[39m[22m  [1m[32m[emitted][39m[22m        connector_view
                                                                                               [1m[32mconnector_view.js.map[39m[22m  192 bytes                                                                                                 [1mconnector_view[39m[22m  [1m[32m[emitted] [dev][39m[22m  connector_view
                                                                                                 [1m[32mdashboard_layout.js[39m[22m   32.3 KiB                                                                                               [1mdashboard_layout[39m[22m  [1m[32m[emitted][39m[22m        dashboard_layout
                                                                                             [1m[32mdashboard_layout.js.map[39m[22m  112 bytes                                                                                               [1mdashboard_layout[39m[22m  [1m[32m[emitted] [dev][39m[22m  dashboard_layout
                                                                                                   [1m[32mdashboard_view.js[39m[22m   63.3 KiB                                                                                                 [1mdashboard_view[39m[22m  [1m[32m[emitted][39m[22m        dashboard_view
                                                                                               [1m[32mdashboard_view.js.map[39m[22m  156 bytes                                                                                                 [1mdashboard_view[39m[22m  [1m[32m[emitted] [dev][39m[22m  dashboard_view
                                                                                                             [1m[32mhome.js[39m[22m   39.5 KiB                                                                                                           [1mhome[39m[22m  [1m[32m[emitted][39m[22m        home
                                                                                                         [1m[32mhome.js.map[39m[22m  112 bytes                                                                                                           [1mhome[39m[22m  [1m[32m[emitted] [dev][39m[22m  home
                                                                                                      [1m[32minvoker_add.js[39m[22m   6.03 KiB                                                                                                    [1minvoker_add[39m[22m  [1m[32m[emitted][39m[22m        invoker_add
                                                                                                  [1m[32minvoker_add.js.map[39m[22m   95 bytes                                                                                                    [1minvoker_add[39m[22m  [1m[32m[emitted] [dev][39m[22m  invoker_add
                                                                                                   [1m[32minvoker_layout.js[39m[22m   10.7 KiB                                                                                                 [1minvoker_layout[39m[22m  [1m[32m[emitted][39m[22m        invoker_layout
                                                                                               [1m[32minvoker_layout.js.map[39m[22m   98 bytes                                                                                                 [1minvoker_layout[39m[22m  [1m[32m[emitted] [dev][39m[22m  invoker_layout
                                                                                                     [1m[32minvoker_list.js[39m[22m   19.6 KiB                                                                                                   [1minvoker_list[39m[22m  [1m[32m[emitted][39m[22m        invoker_list
                                                                                                 [1m[32minvoker_list.js.map[39m[22m   96 bytes                                                                                                   [1minvoker_list[39m[22m  [1m[32m[emitted] [dev][39m[22m  invoker_list
                                                                                                   [1m[32minvoker_update.js[39m[22m     33 KiB                                                                                                 [1minvoker_update[39m[22m  [1m[32m[emitted][39m[22m        invoker_update
                                                                                               [1m[32minvoker_update.js.map[39m[22m   98 bytes                                                                                                 [1minvoker_update[39m[22m  [1m[32m[emitted] [dev][39m[22m  invoker_update
                                                                                                     [1m[32minvoker_view.js[39m[22m   6.09 KiB                                                                                                   [1minvoker_view[39m[22m  [1m[32m[emitted][39m[22m        invoker_view
                                                                                                 [1m[32minvoker_view.js.map[39m[22m   96 bytes                                                                                                   [1minvoker_view[39m[22m  [1m[32m[emitted] [dev][39m[22m  invoker_view
                                                                                                            [1m[32mlogin.js[39m[22m   84.3 KiB                                                                                                          [1mlogin[39m[22m  [1m[32m[emitted][39m[22m        login
                                                                                                        [1m[32mlogin.js.map[39m[22m  158 bytes                                                                                                          [1mlogin[39m[22m  [1m[32m[emitted] [dev][39m[22m  login
                                                                                                       [1m[32mmy_profile.js[39m[22m    182 KiB                                                                                                     [1mmy_profile[39m[22m  [1m[32m[emitted][39m[22m        my_profile
                                                                                                   [1m[32mmy_profile.js.map[39m[22m  200 bytes                                                                                                     [1mmy_profile[39m[22m  [1m[32m[emitted] [dev][39m[22m  my_profile
                                                                                             [1m[32mmy_profile~user_view.js[39m[22m   46.3 KiB                                                                                           [1mmy_profile~user_view[39m[22m  [1m[32m[emitted][39m[22m        my_profile~user_view
                                                                                         [1m[32mmy_profile~user_view.js.map[39m[22m  152 bytes                                                                                           [1mmy_profile~user_view[39m[22m  [1m[32m[emitted] [dev][39m[22m  my_profile~user_view
                                                                                                  [1m[32mschedule_layout.js[39m[22m   10.7 KiB                                                                                                [1mschedule_layout[39m[22m  [1m[32m[emitted][39m[22m        schedule_layout
                                                                                              [1m[32mschedule_layout.js.map[39m[22m   99 bytes                                                                                                [1mschedule_layout[39m[22m  [1m[32m[emitted] [dev][39m[22m  schedule_layout
                                                                                                        [1m[32mscheduler.js[39m[22m    570 KiB                                                                                                      [1mscheduler[39m[22m  [1m[32m[emitted][39m[22m        scheduler
                                                                                                    [1m[32mscheduler.js.map[39m[22m  415 bytes                                                                                                      [1mscheduler[39m[22m  [1m[32m[emitted] [dev][39m[22m  scheduler
                                                                                                  [1m[32mtemplate_import.js[39m[22m     37 KiB                                                                                                [1mtemplate_import[39m[22m  [1m[32m[emitted][39m[22m        template_import
                                                                                              [1m[32mtemplate_import.js.map[39m[22m  133 bytes                                                                                                [1mtemplate_import[39m[22m  [1m[32m[emitted] [dev][39m[22m  template_import
                                                                                                  [1m[32mtemplate_layout.js[39m[22m   10.7 KiB                                                                                                [1mtemplate_layout[39m[22m  [1m[32m[emitted][39m[22m        template_layout
                                                                                              [1m[32mtemplate_layout.js.map[39m[22m   99 bytes                                                                                                [1mtemplate_layout[39m[22m  [1m[32m[emitted] [dev][39m[22m  template_layout
                                                                                                    [1m[32mtemplate_list.js[39m[22m   27.3 KiB                                                                                                  [1mtemplate_list[39m[22m  [1m[32m[emitted][39m[22m        template_list
                                                                                                [1m[32mtemplate_list.js.map[39m[22m   97 bytes                                                                                                  [1mtemplate_list[39m[22m  [1m[32m[emitted] [dev][39m[22m  template_list
                                                                                                         [1m[32muser_add.js[39m[22m   55.3 KiB                                                                                                       [1muser_add[39m[22m  [1m[32m[emitted][39m[22m        user_add
                                                                                                     [1m[32muser_add.js.map[39m[22m   92 bytes                                                                                                       [1muser_add[39m[22m  [1m[32m[emitted] [dev][39m[22m  user_add
                                                                                                   [1m[32muser_group_add.js[39m[22m   39.2 KiB                                                                                                 [1muser_group_add[39m[22m  [1m[32m[emitted][39m[22m        user_group_add
                                                                                               [1m[32muser_group_add.js.map[39m[22m   98 bytes                                                                                                 [1muser_group_add[39m[22m  [1m[32m[emitted] [dev][39m[22m  user_group_add
                                                                                                [1m[32muser_group_layout.js[39m[22m   10.7 KiB                                                                                              [1muser_group_layout[39m[22m  [1m[32m[emitted][39m[22m        user_group_layout
                                                                                            [1m[32muser_group_layout.js.map[39m[22m  101 bytes                                                                                              [1muser_group_layout[39m[22m  [1m[32m[emitted] [dev][39m[22m  user_group_layout
                                                                                                  [1m[32muser_group_list.js[39m[22m   21.4 KiB                                                                                                [1muser_group_list[39m[22m  [1m[32m[emitted][39m[22m        user_group_list
                                                                                              [1m[32muser_group_list.js.map[39m[22m   99 bytes                                                                                                [1muser_group_list[39m[22m  [1m[32m[emitted] [dev][39m[22m  user_group_list
                                                                                                [1m[32muser_group_update.js[39m[22m   41.4 KiB                                                                                              [1muser_group_update[39m[22m  [1m[32m[emitted][39m[22m        user_group_update
                                                                                            [1m[32muser_group_update.js.map[39m[22m  101 bytes                                                                                              [1muser_group_update[39m[22m  [1m[32m[emitted] [dev][39m[22m  user_group_update
                                                                                                  [1m[32muser_group_view.js[39m[22m   63.8 KiB                                                                                                [1muser_group_view[39m[22m  [1m[32m[emitted][39m[22m        user_group_view
                                                                                              [1m[32muser_group_view.js.map[39m[22m  145 bytes                                                                                                [1muser_group_view[39m[22m  [1m[32m[emitted] [dev][39m[22m  user_group_view
                                                                                                      [1m[32muser_layout.js[39m[22m   10.5 KiB                                                                                                    [1muser_layout[39m[22m  [1m[32m[emitted][39m[22m        user_layout
                                                                                                  [1m[32muser_layout.js.map[39m[22m   95 bytes                                                                                                    [1muser_layout[39m[22m  [1m[32m[emitted] [dev][39m[22m  user_layout
                                                                                                        [1m[32muser_list.js[39m[22m   20.5 KiB                                                                                                      [1muser_list[39m[22m  [1m[32m[emitted][39m[22m        user_list
                                                                                                    [1m[32muser_list.js.map[39m[22m   93 bytes                                                                                                      [1muser_list[39m[22m  [1m[32m[emitted] [dev][39m[22m  user_list
                                                                                                      [1m[32muser_update.js[39m[22m   59.2 KiB                                                                                                    [1muser_update[39m[22m  [1m[32m[emitted][39m[22m        user_update
                                                                                                  [1m[32muser_update.js.map[39m[22m   95 bytes                                                                                                    [1muser_update[39m[22m  [1m[32m[emitted] [dev][39m[22m  user_update
                                                                                                        [1m[32muser_view.js[39m[22m    124 KiB                                                                                                      [1muser_view[39m[22m  [1m[32m[emitted][39m[22m        user_view
                                                                                                    [1m[32muser_view.js.map[39m[22m  163 bytes                                                                                                      [1muser_view[39m[22m  [1m[32m[emitted] [dev][39m[22m  user_view
    [1m[32mvendors~admin_card_list~app_list~connection_add~connection_list~connection_update~connection_view~co~08ccc5a8.js[39m[22m   91.1 KiB  [1mvendors~admin_card_list~app_list~connection_add~connection_list~connection_update~connection_view~co~08ccc5a8[39m[22m  [1m[32m[emitted][39m[22m        vendors~admin_card_list~app_list~connection_add~connection_list~connection_update~connection_view~co~08ccc5a8
[1m[32mvendors~admin_card_list~app_list~connection_add~connection_list~connection_update~connection_view~co~08ccc5a8.js.map[39m[22m  361 bytes  [1mvendors~admin_card_list~app_list~connection_add~connection_list~connection_update~connection_view~co~08ccc5a8[39m[22m  [1m[32m[emitted] [dev][39m[22m  vendors~admin_card_list~app_list~connection_add~connection_list~connection_update~connection_view~co~08ccc5a8
    [1m[32mvendors~admin_card_list~app_list~connection_add~connection_list~connection_update~connection_view~co~265b9f92.js[39m[22m     28 KiB  [1mvendors~admin_card_list~app_list~connection_add~connection_list~connection_update~connection_view~co~265b9f92[39m[22m  [1m[32m[emitted][39m[22m        vendors~admin_card_list~app_list~connection_add~connection_list~connection_update~connection_view~co~265b9f92
[1m[32mvendors~admin_card_list~app_list~connection_add~connection_list~connection_update~connection_view~co~265b9f92.js.map[39m[22m  203 bytes  [1mvendors~admin_card_list~app_list~connection_add~connection_list~connection_update~connection_view~co~265b9f92[39m[22m  [1m[32m[emitted] [dev][39m[22m  vendors~admin_card_list~app_list~connection_add~connection_list~connection_update~connection_view~co~265b9f92
    [1m[32mvendors~admin_card_list~app_list~connection_add~connection_list~connection_update~connection_view~co~3c2423bb.js[39m[22m   38.4 KiB  [1mvendors~admin_card_list~app_list~connection_add~connection_list~connection_update~connection_view~co~3c2423bb[39m[22m  [1m[32m[emitted][39m[22m        vendors~admin_card_list~app_list~connection_add~connection_list~connection_update~connection_view~co~3c2423bb
[1m[32mvendors~admin_card_list~app_list~connection_add~connection_list~connection_update~connection_view~co~3c2423bb.js.map[39m[22m  205 bytes  [1mvendors~admin_card_list~app_list~connection_add~connection_list~connection_update~connection_view~co~3c2423bb[39m[22m  [1m[32m[emitted] [dev][39m[22m  vendors~admin_card_list~app_list~connection_add~connection_list~connection_update~connection_view~co~3c2423bb
    [1m[32mvendors~admin_card_list~app_list~connection_add~connection_list~connection_update~connection_view~co~7d44e47a.js[39m[22m   48.5 KiB  [1mvendors~admin_card_list~app_list~connection_add~connection_list~connection_update~connection_view~co~7d44e47a[39m[22m  [1m[32m[emitted][39m[22m        vendors~admin_card_list~app_list~connection_add~connection_list~connection_update~connection_view~co~7d44e47a
[1m[32mvendors~admin_card_list~app_list~connection_add~connection_list~connection_update~connection_view~co~7d44e47a.js.map[39m[22m  239 bytes  [1mvendors~admin_card_list~app_list~connection_add~connection_list~connection_update~connection_view~co~7d44e47a[39m[22m  [1m[32m[emitted] [dev][39m[22m  vendors~admin_card_list~app_list~connection_add~connection_list~connection_update~connection_view~co~7d44e47a
    [1m[32mvendors~admin_card_list~app_list~connection_add~connection_list~connection_update~connection_view~co~9fd44295.js[39m[22m    247 KiB  [1mvendors~admin_card_list~app_list~connection_add~connection_list~connection_update~connection_view~co~9fd44295[39m[22m  [1m[32m[emitted][39m[22m        vendors~admin_card_list~app_list~connection_add~connection_list~connection_update~connection_view~co~9fd44295
[1m[32mvendors~admin_card_list~app_list~connection_add~connection_list~connection_update~connection_view~co~9fd44295.js.map[39m[22m  251 bytes  [1mvendors~admin_card_list~app_list~connection_add~connection_list~connection_update~connection_view~co~9fd44295[39m[22m  [1m[32m[emitted] [dev][39m[22m  vendors~admin_card_list~app_list~connection_add~connection_list~connection_update~connection_view~co~9fd44295
    [1m[32mvendors~admin_card_list~app_list~connection_add~connection_list~connection_update~connector_add~conn~39b6b5c2.js[39m[22m    419 KiB  [1mvendors~admin_card_list~app_list~connection_add~connection_list~connection_update~connector_add~conn~39b6b5c2[39m[22m  [1m[32m[emitted][39m[22m        vendors~admin_card_list~app_list~connection_add~connection_list~connection_update~connector_add~conn~39b6b5c2
[1m[32mvendors~admin_card_list~app_list~connection_add~connection_list~connection_update~connector_add~conn~39b6b5c2.js.map[39m[22m  836 bytes  [1mvendors~admin_card_list~app_list~connection_add~connection_list~connection_update~connector_add~conn~39b6b5c2[39m[22m  [1m[32m[emitted] [dev][39m[22m  vendors~admin_card_list~app_list~connection_add~connection_list~connection_update~connector_add~conn~39b6b5c2
    [1m[32mvendors~admin_card_list~app_list~connection_list~connector_list~invoker_list~scheduler~template_list~ca6e9efc.js[39m[22m    879 KiB  [1mvendors~admin_card_list~app_list~connection_list~connector_list~invoker_list~scheduler~template_list~ca6e9efc[39m[22m  [1m[32m[emitted][39m[22m        vendors~admin_card_list~app_list~connection_list~connector_list~invoker_list~scheduler~template_list~ca6e9efc
[1m[32mvendors~admin_card_list~app_list~connection_list~connector_list~invoker_list~scheduler~template_list~ca6e9efc.js.map[39m[22m   1.51 KiB  [1mvendors~admin_card_list~app_list~connection_list~connector_list~invoker_list~scheduler~template_list~ca6e9efc[39m[22m  [1m[32m[emitted] [dev][39m[22m  vendors~admin_card_list~app_list~connection_list~connector_list~invoker_list~scheduler~template_list~ca6e9efc
    [1m[32mvendors~connection_add~connection_update~connection_view~connector_add~connector_update~invoker_upda~4fa5c885.js[39m[22m    578 KiB  [1mvendors~connection_add~connection_update~connection_view~connector_add~connector_update~invoker_upda~4fa5c885[39m[22m  [1m[32m[emitted][39m[22m        vendors~connection_add~connection_update~connection_view~connector_add~connector_update~invoker_upda~4fa5c885
[1m[32mvendors~connection_add~connection_update~connection_view~connector_add~connector_update~invoker_upda~4fa5c885.js.map[39m[22m  299 bytes  [1mvendors~connection_add~connection_update~connection_view~connector_add~connector_update~invoker_upda~4fa5c885[39m[22m  [1m[32m[emitted] [dev][39m[22m  vendors~connection_add~connection_update~connection_view~connector_add~connector_update~invoker_upda~4fa5c885
    [1m[32mvendors~connection_add~connection_update~connection_view~connector_add~connector_update~invoker_upda~c9f49211.js[39m[22m   5.72 MiB  [1mvendors~connection_add~connection_update~connection_view~connector_add~connector_update~invoker_upda~c9f49211[39m[22m  [1m[32m[emitted][39m[22m        vendors~connection_add~connection_update~connection_view~connector_add~connector_update~invoker_upda~c9f49211
[1m[32mvendors~connection_add~connection_update~connection_view~connector_add~connector_update~invoker_upda~c9f49211.js.map[39m[22m  682 bytes  [1mvendors~connection_add~connection_update~connection_view~connector_add~connector_update~invoker_upda~c9f49211[39m[22m  [1m[32m[emitted] [dev][39m[22m  vendors~connection_add~connection_update~connection_view~connector_add~connector_update~invoker_upda~c9f49211
    [1m[32mvendors~connection_add~connection_update~connection_view~connector_add~connector_update~invoker_upda~e55478b5.js[39m[22m    104 KiB  [1mvendors~connection_add~connection_update~connection_view~connector_add~connector_update~invoker_upda~e55478b5[39m[22m  [1m[32m[emitted][39m[22m        vendors~connection_add~connection_update~connection_view~connector_add~connector_update~invoker_upda~e55478b5
[1m[32mvendors~connection_add~connection_update~connection_view~connector_add~connector_update~invoker_upda~e55478b5.js.map[39m[22m  299 bytes  [1mvendors~connection_add~connection_update~connection_view~connector_add~connector_update~invoker_upda~e55478b5[39m[22m  [1m[32m[emitted] [dev][39m[22m  vendors~connection_add~connection_update~connection_view~connector_add~connector_update~invoker_upda~e55478b5
    [1m[32mvendors~connection_add~connection_update~connection_view~connector_add~connector_update~invoker_upda~f04778ab.js[39m[22m   58.7 KiB  [1mvendors~connection_add~connection_update~connection_view~connector_add~connector_update~invoker_upda~f04778ab[39m[22m  [1m[32m[emitted][39m[22m        vendors~connection_add~connection_update~connection_view~connector_add~connector_update~invoker_upda~f04778ab
[1m[32mvendors~connection_add~connection_update~connection_view~connector_add~connector_update~invoker_upda~f04778ab.js.map[39m[22m  251 bytes  [1mvendors~connection_add~connection_update~connection_view~connector_add~connector_update~invoker_upda~f04778ab[39m[22m  [1m[32m[emitted] [dev][39m[22m  vendors~connection_add~connection_update~connection_view~connector_add~connector_update~invoker_upda~f04778ab
                                                                                         [1m[32mvendors~connection_graph.js[39m[22m    403 KiB                                                                                       [1mvendors~connection_graph[39m[22m  [1m[32m[emitted][39m[22m        vendors~connection_graph
                                                                                     [1m[32mvendors~connection_graph.js.map[39m[22m  144 bytes                                                                                       [1mvendors~connection_graph[39m[22m  [1m[32m[emitted] [dev][39m[22m  vendors~connection_graph
                                                                                     [1m[32mvendors~my_profile~scheduler.js[39m[22m   47.9 KiB                                                                                   [1mvendors~my_profile~scheduler[39m[22m  [1m[32m[emitted][39m[22m        vendors~my_profile~scheduler
                                                                                 [1m[32mvendors~my_profile~scheduler.js.map[39m[22m  158 bytes                                                                                   [1mvendors~my_profile~scheduler[39m[22m  [1m[32m[emitted] [dev][39m[22m  vendors~my_profile~scheduler
Entrypoint [1mbundle[39m[22m = [1m[32mbundle.js[39m[22m [1m[32mbundle.js.map[39m[22m
[[1m./app/components/App.js[39m[22m] 4.24 KiB {[1m[33mbundle[39m[22m}[1m[32m [built][39m[22m
[[1m./app/components/general/app/Loading.js[39m[22m] 4.39 KiB {[1m[33mbundle[39m[22m}[1m[32m [built][39m[22m
[[1m./app/index.js[39m[22m] 992 bytes {[1m[33mbundle[39m[22m}[1m[32m [built][39m[22m
[[1m./app/utils/auth.js[39m[22m] 7.14 KiB {[1m[33mbundle[39m[22m}[1m[32m [built][39m[22m
[[1m./app/utils/i18n.js[39m[22m] 2.13 KiB {[1m[33mbundle[39m[22m}[1m[32m [built][39m[22m
[[1m./app/utils/routes.js[39m[22m] 7.41 KiB {[1m[33mbundle[39m[22m}[1m[32m [built][39m[22m
[[1m./app/utils/store.js[39m[22m] 4.32 KiB {[1m[33mbundle[39m[22m}[1m[32m [built][39m[22m
[[1m./node_modules/react-dom/cjs/react-dom.development.js[39m[22m] 945 KiB {[1m[33mbundle[39m[22m}[1m[32m [built][39m[22m
[[1m./node_modules/react-dom/index.js[39m[22m] 1.33 KiB {[1m[33mbundle[39m[22m}[1m[32m [built][39m[22m
[[1m./node_modules/react-hot-loader/index.js[39m[22m] 1.55 KiB {[1m[33mbundle[39m[22m}[1m[32m [built][39m[22m
[[1m./node_modules/react-redux/es/index.js[39m[22m] 229 bytes {[1m[33mbundle[39m[22m}[1m[32m [built][39m[22m
[[1m./node_modules/react-router-redux/lib/index.js[39m[22m] 1.92 KiB {[1m[33mbundle[39m[22m}[1m[32m [built][39m[22m
[[1m./node_modules/react-router/es/index.js[39m[22m] 1.43 KiB {[1m[33mbundle[39m[22m}[1m[32m [built][39m[22m
[[1m./node_modules/react/cjs/react.development.js[39m[22m] 72.7 KiB {[1m[33mbundle[39m[22m}[1m[32m [built][39m[22m
[[1m./node_modules/react/index.js[39m[22m] 190 bytes {[1m[33mbundle[39m[22m}[1m[32m [built][39m[22m
    + 2005 hidden modules
[34mℹ[39m [90m｢wdm｣[39m: Compiled successfully.
[34mℹ[39m [90m｢wdm｣[39m: Compiling...
[Browsersync] Proxying: http://localhost:8081
[Browsersync] Access URLs:
 ----------------------------------
       Local: http://localhost:8888
    External: http://10.0.1.15:8888
 ----------------------------------
          UI: http://localhost:3001
 UI External: http://localhost:3001
 ----------------------------------
[34mℹ[39m [90m｢wdm｣[39m: Hash: [1m5606d8598b1748ac20a4[39m[22m
Version: webpack [1m4.41.2[39m[22m
Time: [1m473[39m[22mms
Built at: 02/14/2020 [1m5:26:24 PM[39m[22m
                                                                                                               [1mAsset[39m[22m       [1mSize[39m[22m                                                                                                         [1mChunks[39m[22m  [1m[39m[22m       [1m[39m[22m[1mChunk Names[39m[22m
                                                                                                         [1m[32m2K6TPVL.png[39m[22m   1.82 KiB                                                                                                               [1m[39m[22m  [1m[32m[39m[22m       
                                                                                                [1m[32madmin_card_layout.js[39m[22m   10.7 KiB                                                                                              [1madmin_card_layout[39m[22m  [1m[32m[39m[22m       admin_card_layout
                                                                                            [1m[32madmin_card_layout.js.map[39m[22m  101 bytes                                                                                              [1madmin_card_layout[39m[22m  [1m[32m[dev][39m[22m  admin_card_layout
                                                                                                  [1m[32madmin_card_list.js[39m[22m   18.5 KiB                                                                                                [1madmin_card_list[39m[22m  [1m[32m[39m[22m       admin_card_list
                                                                                              [1m[32madmin_card_list.js.map[39m[22m   99 bytes                                                                                                [1madmin_card_list[39m[22m  [1m[32m[dev][39m[22m  admin_card_list
    [1m[32madmin_card_list~app_list~connection_add~connection_graph~connection_list~connection_update~connectio~2455e82f.js[39m[22m   49.2 KiB  [1madmin_card_list~app_list~connection_add~connection_graph~connection_list~connection_update~connectio~2455e82f[39m[22m  [1m[32m[39m[22m       admin_card_list~app_list~connection_add~connection_graph~connection_list~connection_update~connectio~2455e82f
[1m[32madmin_card_list~app_list~connection_add~connection_graph~connection_list~connection_update~connectio~2455e82f.js.map[39m[22m  227 bytes  [1madmin_card_list~app_list~connection_add~connection_graph~connection_list~connection_update~connectio~2455e82f[39m[22m  [1m[32m[dev][39m[22m  admin_card_list~app_list~connection_add~connection_graph~connection_list~connection_update~connectio~2455e82f
    [1m[32madmin_card_list~app_list~connection_add~connection_graph~connection_list~connection_update~connectio~eebe07d1.js[39m[22m   56.7 KiB  [1madmin_card_list~app_list~connection_add~connection_graph~connection_list~connection_update~connectio~eebe07d1[39m[22m  [1m[32m[39m[22m       admin_card_list~app_list~connection_add~connection_graph~connection_list~connection_update~connectio~eebe07d1
[1m[32madmin_card_list~app_list~connection_add~connection_graph~connection_list~connection_update~connectio~eebe07d1.js.map[39m[22m  227 bytes  [1madmin_card_list~app_list~connection_add~connection_graph~connection_list~connection_update~connectio~eebe07d1[39m[22m  [1m[32m[dev][39m[22m  admin_card_list~app_list~connection_add~connection_graph~connection_list~connection_update~connectio~eebe07d1
    [1m[32madmin_card_list~app_list~connection_add~connection_list~connection_update~connection_view~connector_~ea27f51d.js[39m[22m   30.8 KiB  [1madmin_card_list~app_list~connection_add~connection_list~connection_update~connection_view~connector_~ea27f51d[39m[22m  [1m[32m[39m[22m       admin_card_list~app_list~connection_add~connection_list~connection_update~connection_view~connector_~ea27f51d
[1m[32madmin_card_list~app_list~connection_add~connection_list~connection_update~connection_view~connector_~ea27f51d.js.map[39m[22m  205 bytes  [1madmin_card_list~app_list~connection_add~connection_list~connection_update~connection_view~connector_~ea27f51d[39m[22m  [1m[32m[dev][39m[22m  admin_card_list~app_list~connection_add~connection_list~connection_update~connection_view~connector_~ea27f51d
    [1m[32madmin_card_list~app_list~connection_add~connection_list~connection_update~connector_add~connector_li~f75ee327.js[39m[22m   77.7 KiB  [1madmin_card_list~app_list~connection_add~connection_list~connection_update~connector_add~connector_li~f75ee327[39m[22m  [1m[32m[39m[22m       admin_card_list~app_list~connection_add~connection_list~connection_update~connector_add~connector_li~f75ee327
[1m[32madmin_card_list~app_list~connection_add~connection_list~connection_update~connector_add~connector_li~f75ee327.js.map[39m[22m  229 bytes  [1madmin_card_list~app_list~connection_add~connection_list~connection_update~connector_add~connector_li~f75ee327[39m[22m  [1m[32m[dev][39m[22m  admin_card_list~app_list~connection_add~connection_list~connection_update~connector_add~connector_li~f75ee327
    [1m[32madmin_card_list~app_list~connection_list~connector_list~invoker_list~scheduler~template_list~user_gr~edad0265.js[39m[22m    110 KiB  [1madmin_card_list~app_list~connection_list~connector_list~invoker_list~scheduler~template_list~user_gr~edad0265[39m[22m  [1m[32m[39m[22m       admin_card_list~app_list~connection_list~connector_list~invoker_list~scheduler~template_list~user_gr~edad0265
[1m[32madmin_card_list~app_list~connection_list~connector_list~invoker_list~scheduler~template_list~user_gr~edad0265.js.map[39m[22m  287 bytes  [1madmin_card_list~app_list~connection_list~connector_list~invoker_list~scheduler~template_list~user_gr~edad0265[39m[22m  [1m[32m[dev][39m[22m  admin_card_list~app_list~connection_list~connector_list~invoker_list~scheduler~template_list~user_gr~edad0265
     [1m[32madmin_card_list~app_list~connection_list~connector_list~invoker_list~template_list~user_group_list~user_list.js[39m[22m    161 KiB   [1madmin_card_list~app_list~connection_list~connector_list~invoker_list~template_list~user_group_list~user_list[39m[22m  [1m[32m[39m[22m       admin_card_list~app_list~connection_list~connector_list~invoker_list~template_list~user_group_list~user_list
 [1m[32madmin_card_list~app_list~connection_list~connector_list~invoker_list~template_list~user_group_list~user_list.js.map[39m[22m  264 bytes   [1madmin_card_list~app_list~connection_list~connector_list~invoker_list~template_list~user_group_list~user_list[39m[22m  [1m[32m[dev][39m[22m  admin_card_list~app_list~connection_list~connector_list~invoker_list~template_list~user_group_list~user_list
                                                                                                       [1m[32mapp_layout.js[39m[22m   10.5 KiB                                                                                                     [1mapp_layout[39m[22m  [1m[32m[39m[22m       app_layout
                                                                                                   [1m[32mapp_layout.js.map[39m[22m   94 bytes                                                                                                     [1mapp_layout[39m[22m  [1m[32m[dev][39m[22m  app_layout
                                                                                                         [1m[32mapp_list.js[39m[22m   17.9 KiB                                                                                                       [1mapp_list[39m[22m  [1m[32m[39m[22m       app_list
                                                                                                     [1m[32mapp_list.js.map[39m[22m   92 bytes                                                                                                       [1mapp_list[39m[22m  [1m[32m[dev][39m[22m  app_list
                                                                                                           [1m[32mbundle.js[39m[22m   16.9 MiB                                                                                                         [1mbundle[39m[22m  [1m[32m[39m[22m       bundle
                                                                                                       [1m[32mbundle.js.map[39m[22m   31.6 KiB                                                                                                         [1mbundle[39m[22m  [1m[32m[dev][39m[22m  bundle
                                                                                                   [1m[32mconnection_add.js[39m[22m     52 KiB                                                                                                 [1mconnection_add[39m[22m  [1m[32m[39m[22m       connection_add
                                                                                               [1m[32mconnection_add.js.map[39m[22m   98 bytes                                                                                                 [1mconnection_add[39m[22m  [1m[32m[dev][39m[22m  connection_add
    [1m[32mconnection_add~connection_graph~connection_update~connection_view~connector_add~connector_update~con~342da356.js[39m[22m     66 KiB  [1mconnection_add~connection_graph~connection_update~connection_view~connector_add~connector_update~con~342da356[39m[22m  [1m[32m[39m[22m       connection_add~connection_graph~connection_update~connection_view~connector_add~connector_update~con~342da356
[1m[32mconnection_add~connection_graph~connection_update~connection_view~connector_add~connector_update~con~342da356.js.map[39m[22m  263 bytes  [1mconnection_add~connection_graph~connection_update~connection_view~connector_add~connector_update~con~342da356[39m[22m  [1m[32m[dev][39m[22m  connection_add~connection_graph~connection_update~connection_view~connector_add~connector_update~con~342da356
    [1m[32mconnection_add~connection_graph~connection_update~connection_view~connector_add~connector_update~con~c61f9255.js[39m[22m   36.3 KiB  [1mconnection_add~connection_graph~connection_update~connection_view~connector_add~connector_update~con~c61f9255[39m[22m  [1m[32m[39m[22m       connection_add~connection_graph~connection_update~connection_view~connector_add~connector_update~con~c61f9255
[1m[32mconnection_add~connection_graph~connection_update~connection_view~connector_add~connector_update~con~c61f9255.js.map[39m[22m  193 bytes  [1mconnection_add~connection_graph~connection_update~connection_view~connector_add~connector_update~con~c61f9255[39m[22m  [1m[32m[dev][39m[22m  connection_add~connection_graph~connection_update~connection_view~connector_add~connector_update~con~c61f9255
    [1m[32mconnection_add~connection_update~connection_view~connector_add~connector_update~invoker_update~login~9febf362.js[39m[22m    111 KiB  [1mconnection_add~connection_update~connection_view~connector_add~connector_update~invoker_update~login~9febf362[39m[22m  [1m[32m[39m[22m       connection_add~connection_update~connection_view~connector_add~connector_update~invoker_update~login~9febf362
[1m[32mconnection_add~connection_update~connection_view~connector_add~connector_update~invoker_update~login~9febf362.js.map[39m[22m  215 bytes  [1mconnection_add~connection_update~connection_view~connector_add~connector_update~invoker_update~login~9febf362[39m[22m  [1m[32m[dev][39m[22m  connection_add~connection_update~connection_view~connector_add~connector_update~invoker_update~login~9febf362
    [1m[32mconnection_add~connection_update~connection_view~connector_add~connector_update~invoker_update~user_~b17aedf2.js[39m[22m   2.22 MiB  [1mconnection_add~connection_update~connection_view~connector_add~connector_update~invoker_update~user_~b17aedf2[39m[22m  [1m[32m[39m[22m       connection_add~connection_update~connection_view~connector_add~connector_update~invoker_update~user_~b17aedf2
[1m[32mconnection_add~connection_update~connection_view~connector_add~connector_update~invoker_update~user_~b17aedf2.js.map[39m[22m   1.26 KiB  [1mconnection_add~connection_update~connection_view~connector_add~connector_update~invoker_update~user_~b17aedf2[39m[22m  [1m[32m[dev][39m[22m  connection_add~connection_update~connection_view~connector_add~connector_update~invoker_update~user_~b17aedf2
                                                                                                 [1m[32mconnection_graph.js[39m[22m    191 KiB                                                                                               [1mconnection_graph[39m[22m  [1m[32m[39m[22m       connection_graph
                                                                                             [1m[32mconnection_graph.js.map[39m[22m  146 bytes                                                                                               [1mconnection_graph[39m[22m  [1m[32m[dev][39m[22m  connection_graph
                                                                                                [1m[32mconnection_layout.js[39m[22m   10.8 KiB                                                                                              [1mconnection_layout[39m[22m  [1m[32m[39m[22m       connection_layout
                                                                                            [1m[32mconnection_layout.js.map[39m[22m  101 bytes                                                                                              [1mconnection_layout[39m[22m  [1m[32m[dev][39m[22m  connection_layout
                                                                                                  [1m[32mconnection_list.js[39m[22m   20.7 KiB                                                                                                [1mconnection_list[39m[22m  [1m[32m[39m[22m       connection_list
                                                                                              [1m[32mconnection_list.js.map[39m[22m   99 bytes                                                                                                [1mconnection_list[39m[22m  [1m[32m[dev][39m[22m  connection_list
                                                                                                [1m[32mconnection_update.js[39m[22m   46.2 KiB                                                                                              [1mconnection_update[39m[22m  [1m[32m[39m[22m       connection_update
                                                                                            [1m[32mconnection_update.js.map[39m[22m  101 bytes                                                                                              [1mconnection_update[39m[22m  [1m[32m[dev][39m[22m  connection_update
                                                                                                  [1m[32mconnection_view.js[39m[22m   28.3 KiB                                                                                                [1mconnection_view[39m[22m  [1m[32m[39m[22m       connection_view
                                                                                              [1m[32mconnection_view.js.map[39m[22m  111 bytes                                                                                                [1mconnection_view[39m[22m  [1m[32m[dev][39m[22m  connection_view
                                                                                                    [1m[32mconnector_add.js[39m[22m   69.9 KiB                                                                                                  [1mconnector_add[39m[22m  [1m[32m[39m[22m       connector_add
                                                                                                [1m[32mconnector_add.js.map[39m[22m  109 bytes                                                                                                  [1mconnector_add[39m[22m  [1m[32m[dev][39m[22m  connector_add
                                                                                                 [1m[32mconnector_layout.js[39m[22m   10.7 KiB                                                                                               [1mconnector_layout[39m[22m  [1m[32m[39m[22m       connector_layout
                                                                                             [1m[32mconnector_layout.js.map[39m[22m  100 bytes                                                                                               [1mconnector_layout[39m[22m  [1m[32m[dev][39m[22m  connector_layout
                                                                                                   [1m[32mconnector_list.js[39m[22m   20.4 KiB                                                                                                 [1mconnector_list[39m[22m  [1m[32m[39m[22m       connector_list
                                                                                               [1m[32mconnector_list.js.map[39m[22m   98 bytes                                                                                                 [1mconnector_list[39m[22m  [1m[32m[dev][39m[22m  connector_list
                                                                                                 [1m[32mconnector_update.js[39m[22m     76 KiB                                                                                               [1mconnector_update[39m[22m  [1m[32m[39m[22m       connector_update
                                                                                             [1m[32mconnector_update.js.map[39m[22m  112 bytes                                                                                               [1mconnector_update[39m[22m  [1m[32m[dev][39m[22m  connector_update
                                                                                                   [1m[32mconnector_view.js[39m[22m    105 KiB                                                                                                 [1mconnector_view[39m[22m  [1m[32m[39m[22m       connector_view
                                                                                               [1m[32mconnector_view.js.map[39m[22m  192 bytes                                                                                                 [1mconnector_view[39m[22m  [1m[32m[dev][39m[22m  connector_view
                                                                                                 [1m[32mdashboard_layout.js[39m[22m   32.3 KiB                                                                                               [1mdashboard_layout[39m[22m  [1m[32m[39m[22m       dashboard_layout
                                                                                             [1m[32mdashboard_layout.js.map[39m[22m  112 bytes                                                                                               [1mdashboard_layout[39m[22m  [1m[32m[dev][39m[22m  dashboard_layout
                                                                                                   [1m[32mdashboard_view.js[39m[22m   63.3 KiB                                                                                                 [1mdashboard_view[39m[22m  [1m[32m[39m[22m       dashboard_view
                                                                                               [1m[32mdashboard_view.js.map[39m[22m  156 bytes                                                                                                 [1mdashboard_view[39m[22m  [1m[32m[dev][39m[22m  dashboard_view
                                                                                                             [1m[32mhome.js[39m[22m   39.5 KiB                                                                                                           [1mhome[39m[22m  [1m[32m[39m[22m       home
                                                                                                         [1m[32mhome.js.map[39m[22m  112 bytes                                                                                                           [1mhome[39m[22m  [1m[32m[dev][39m[22m  home
                                                                                                      [1m[32minvoker_add.js[39m[22m   6.03 KiB                                                                                                    [1minvoker_add[39m[22m  [1m[32m[39m[22m       invoker_add
                                                                                                  [1m[32minvoker_add.js.map[39m[22m   95 bytes                                                                                                    [1minvoker_add[39m[22m  [1m[32m[dev][39m[22m  invoker_add
                                                                                                   [1m[32minvoker_layout.js[39m[22m   10.7 KiB                                                                                                 [1minvoker_layout[39m[22m  [1m[32m[39m[22m       invoker_layout
                                                                                               [1m[32minvoker_layout.js.map[39m[22m   98 bytes                                                                                                 [1minvoker_layout[39m[22m  [1m[32m[dev][39m[22m  invoker_layout
                                                                                                     [1m[32minvoker_list.js[39m[22m   19.6 KiB                                                                                                   [1minvoker_list[39m[22m  [1m[32m[39m[22m       invoker_list
                                                                                                 [1m[32minvoker_list.js.map[39m[22m   96 bytes                                                                                                   [1minvoker_list[39m[22m  [1m[32m[dev][39m[22m  invoker_list
                                                                                                   [1m[32minvoker_update.js[39m[22m     33 KiB                                                                                                 [1minvoker_update[39m[22m  [1m[32m[39m[22m       invoker_update
                                                                                               [1m[32minvoker_update.js.map[39m[22m   98 bytes                                                                                                 [1minvoker_update[39m[22m  [1m[32m[dev][39m[22m  invoker_update
                                                                                                     [1m[32minvoker_view.js[39m[22m   6.09 KiB                                                                                                   [1minvoker_view[39m[22m  [1m[32m[39m[22m       invoker_view
                                                                                                 [1m[32minvoker_view.js.map[39m[22m   96 bytes                                                                                                   [1minvoker_view[39m[22m  [1m[32m[dev][39m[22m  invoker_view
                                                                                                            [1m[32mlogin.js[39m[22m   84.3 KiB                                                                                                          [1mlogin[39m[22m  [1m[32m[39m[22m       login
                                                                                                        [1m[32mlogin.js.map[39m[22m  158 bytes                                                                                                          [1mlogin[39m[22m  [1m[32m[dev][39m[22m  login
                                                                                                       [1m[32mmy_profile.js[39m[22m    182 KiB                                                                                                     [1mmy_profile[39m[22m  [1m[32m[39m[22m       my_profile
                                                                                                   [1m[32mmy_profile.js.map[39m[22m  200 bytes                                                                                                     [1mmy_profile[39m[22m  [1m[32m[dev][39m[22m  my_profile
                                                                                             [1m[32mmy_profile~user_view.js[39m[22m   46.3 KiB                                                                                           [1mmy_profile~user_view[39m[22m  [1m[32m[39m[22m       my_profile~user_view
                                                                                         [1m[32mmy_profile~user_view.js.map[39m[22m  152 bytes                                                                                           [1mmy_profile~user_view[39m[22m  [1m[32m[dev][39m[22m  my_profile~user_view
                                                                                                  [1m[32mschedule_layout.js[39m[22m   10.7 KiB                                                                                                [1mschedule_layout[39m[22m  [1m[32m[39m[22m       schedule_layout
                                                                                              [1m[32mschedule_layout.js.map[39m[22m   99 bytes                                                                                                [1mschedule_layout[39m[22m  [1m[32m[dev][39m[22m  schedule_layout
                                                                                                        [1m[32mscheduler.js[39m[22m    570 KiB                                                                                                      [1mscheduler[39m[22m  [1m[32m[39m[22m       scheduler
                                                                                                    [1m[32mscheduler.js.map[39m[22m  415 bytes                                                                                                      [1mscheduler[39m[22m  [1m[32m[dev][39m[22m  scheduler
                                                                                                  [1m[32mtemplate_import.js[39m[22m     37 KiB                                                                                                [1mtemplate_import[39m[22m  [1m[32m[39m[22m       template_import
                                                                                              [1m[32mtemplate_import.js.map[39m[22m  133 bytes                                                                                                [1mtemplate_import[39m[22m  [1m[32m[dev][39m[22m  template_import
                                                                                                  [1m[32mtemplate_layout.js[39m[22m   10.7 KiB                                                                                                [1mtemplate_layout[39m[22m  [1m[32m[39m[22m       template_layout
                                                                                              [1m[32mtemplate_layout.js.map[39m[22m   99 bytes                                                                                                [1mtemplate_layout[39m[22m  [1m[32m[dev][39m[22m  template_layout
                                                                                                    [1m[32mtemplate_list.js[39m[22m   27.3 KiB                                                                                                  [1mtemplate_list[39m[22m  [1m[32m[39m[22m       template_list
                                                                                                [1m[32mtemplate_list.js.map[39m[22m   97 bytes                                                                                                  [1mtemplate_list[39m[22m  [1m[32m[dev][39m[22m  template_list
                                                                                                         [1m[32muser_add.js[39m[22m   55.3 KiB                                                                                                       [1muser_add[39m[22m  [1m[32m[39m[22m       user_add
                                                                                                     [1m[32muser_add.js.map[39m[22m   92 bytes                                                                                                       [1muser_add[39m[22m  [1m[32m[dev][39m[22m  user_add
                                                                                                   [1m[32muser_group_add.js[39m[22m   39.2 KiB                                                                                                 [1muser_group_add[39m[22m  [1m[32m[39m[22m       user_group_add
                                                                                               [1m[32muser_group_add.js.map[39m[22m   98 bytes                                                                                                 [1muser_group_add[39m[22m  [1m[32m[dev][39m[22m  user_group_add
                                                                                                [1m[32muser_group_layout.js[39m[22m   10.7 KiB                                                                                              [1muser_group_layout[39m[22m  [1m[32m[39m[22m       user_group_layout
                                                                                            [1m[32muser_group_layout.js.map[39m[22m  101 bytes                                                                                              [1muser_group_layout[39m[22m  [1m[32m[dev][39m[22m  user_group_layout
                                                                                                  [1m[32muser_group_list.js[39m[22m   21.4 KiB                                                                                                [1muser_group_list[39m[22m  [1m[32m[39m[22m       user_group_list
                                                                                              [1m[32muser_group_list.js.map[39m[22m   99 bytes                                                                                                [1muser_group_list[39m[22m  [1m[32m[dev][39m[22m  user_group_list
                                                                                                [1m[32muser_group_update.js[39m[22m   41.4 KiB                                                                                              [1muser_group_update[39m[22m  [1m[32m[39m[22m       user_group_update
                                                                                            [1m[32muser_group_update.js.map[39m[22m  101 bytes                                                                                              [1muser_group_update[39m[22m  [1m[32m[dev][39m[22m  user_group_update
                                                                                                  [1m[32muser_group_view.js[39m[22m   63.8 KiB                                                                                                [1muser_group_view[39m[22m  [1m[32m[39m[22m       user_group_view
                                                                                              [1m[32muser_group_view.js.map[39m[22m  145 bytes                                                                                                [1muser_group_view[39m[22m  [1m[32m[dev][39m[22m  user_group_view
                                                                                                      [1m[32muser_layout.js[39m[22m   10.5 KiB                                                                                                    [1muser_layout[39m[22m  [1m[32m[39m[22m       user_layout
                                                                                                  [1m[32muser_layout.js.map[39m[22m   95 bytes                                                                                                    [1muser_layout[39m[22m  [1m[32m[dev][39m[22m  user_layout
                                                                                                        [1m[32muser_list.js[39m[22m   20.5 KiB                                                                                                      [1muser_list[39m[22m  [1m[32m[39m[22m       user_list
                                                                                                    [1m[32muser_list.js.map[39m[22m   93 bytes                                                                                                      [1muser_list[39m[22m  [1m[32m[dev][39m[22m  user_list
                                                                                                      [1m[32muser_update.js[39m[22m   59.2 KiB                                                                                                    [1muser_update[39m[22m  [1m[32m[39m[22m       user_update
                                                                                                  [1m[32muser_update.js.map[39m[22m   95 bytes                                                                                                    [1muser_update[39m[22m  [1m[32m[dev][39m[22m  user_update
                                                                                                        [1m[32muser_view.js[39m[22m    124 KiB                                                                                                      [1muser_view[39m[22m  [1m[32m[39m[22m       user_view
                                                                                                    [1m[32muser_view.js.map[39m[22m  163 bytes                                                                                                      [1muser_view[39m[22m  [1m[32m[dev][39m[22m  user_view
    [1m[32mvendors~admin_card_list~app_list~connection_add~connection_list~connection_update~connection_view~co~08ccc5a8.js[39m[22m   91.1 KiB  [1mvendors~admin_card_list~app_list~connection_add~connection_list~connection_update~connection_view~co~08ccc5a8[39m[22m  [1m[32m[39m[22m       vendors~admin_card_list~app_list~connection_add~connection_list~connection_update~connection_view~co~08ccc5a8
[1m[32mvendors~admin_card_list~app_list~connection_add~connection_list~connection_update~connection_view~co~08ccc5a8.js.map[39m[22m  361 bytes  [1mvendors~admin_card_list~app_list~connection_add~connection_list~connection_update~connection_view~co~08ccc5a8[39m[22m  [1m[32m[dev][39m[22m  vendors~admin_card_list~app_list~connection_add~connection_list~connection_update~connection_view~co~08ccc5a8
    [1m[32mvendors~admin_card_list~app_list~connection_add~connection_list~connection_update~connection_view~co~265b9f92.js[39m[22m     28 KiB  [1mvendors~admin_card_list~app_list~connection_add~connection_list~connection_update~connection_view~co~265b9f92[39m[22m  [1m[32m[39m[22m       vendors~admin_card_list~app_list~connection_add~connection_list~connection_update~connection_view~co~265b9f92
[1m[32mvendors~admin_card_list~app_list~connection_add~connection_list~connection_update~connection_view~co~265b9f92.js.map[39m[22m  203 bytes  [1mvendors~admin_card_list~app_list~connection_add~connection_list~connection_update~connection_view~co~265b9f92[39m[22m  [1m[32m[dev][39m[22m  vendors~admin_card_list~app_list~connection_add~connection_list~connection_update~connection_view~co~265b9f92
    [1m[32mvendors~admin_card_list~app_list~connection_add~connection_list~connection_update~connection_view~co~3c2423bb.js[39m[22m   38.4 KiB  [1mvendors~admin_card_list~app_list~connection_add~connection_list~connection_update~connection_view~co~3c2423bb[39m[22m  [1m[32m[39m[22m       vendors~admin_card_list~app_list~connection_add~connection_list~connection_update~connection_view~co~3c2423bb
[1m[32mvendors~admin_card_list~app_list~connection_add~connection_list~connection_update~connection_view~co~3c2423bb.js.map[39m[22m  205 bytes  [1mvendors~admin_card_list~app_list~connection_add~connection_list~connection_update~connection_view~co~3c2423bb[39m[22m  [1m[32m[dev][39m[22m  vendors~admin_card_list~app_list~connection_add~connection_list~connection_update~connection_view~co~3c2423bb
    [1m[32mvendors~admin_card_list~app_list~connection_add~connection_list~connection_update~connection_view~co~7d44e47a.js[39m[22m   48.5 KiB  [1mvendors~admin_card_list~app_list~connection_add~connection_list~connection_update~connection_view~co~7d44e47a[39m[22m  [1m[32m[39m[22m       vendors~admin_card_list~app_list~connection_add~connection_list~connection_update~connection_view~co~7d44e47a
[1m[32mvendors~admin_card_list~app_list~connection_add~connection_list~connection_update~connection_view~co~7d44e47a.js.map[39m[22m  239 bytes  [1mvendors~admin_card_list~app_list~connection_add~connection_list~connection_update~connection_view~co~7d44e47a[39m[22m  [1m[32m[dev][39m[22m  vendors~admin_card_list~app_list~connection_add~connection_list~connection_update~connection_view~co~7d44e47a
    [1m[32mvendors~admin_card_list~app_list~connection_add~connection_list~connection_update~connection_view~co~9fd44295.js[39m[22m    247 KiB  [1mvendors~admin_card_list~app_list~connection_add~connection_list~connection_update~connection_view~co~9fd44295[39m[22m  [1m[32m[39m[22m       vendors~admin_card_list~app_list~connection_add~connection_list~connection_update~connection_view~co~9fd44295
[1m[32mvendors~admin_card_list~app_list~connection_add~connection_list~connection_update~connection_view~co~9fd44295.js.map[39m[22m  251 bytes  [1mvendors~admin_card_list~app_list~connection_add~connection_list~connection_update~connection_view~co~9fd44295[39m[22m  [1m[32m[dev][39m[22m  vendors~admin_card_list~app_list~connection_add~connection_list~connection_update~connection_view~co~9fd44295
    [1m[32mvendors~admin_card_list~app_list~connection_add~connection_list~connection_update~connector_add~conn~39b6b5c2.js[39m[22m    419 KiB  [1mvendors~admin_card_list~app_list~connection_add~connection_list~connection_update~connector_add~conn~39b6b5c2[39m[22m  [1m[32m[39m[22m       vendors~admin_card_list~app_list~connection_add~connection_list~connection_update~connector_add~conn~39b6b5c2
[1m[32mvendors~admin_card_list~app_list~connection_add~connection_list~connection_update~connector_add~conn~39b6b5c2.js.map[39m[22m  836 bytes  [1mvendors~admin_card_list~app_list~connection_add~connection_list~connection_update~connector_add~conn~39b6b5c2[39m[22m  [1m[32m[dev][39m[22m  vendors~admin_card_list~app_list~connection_add~connection_list~connection_update~connector_add~conn~39b6b5c2
    [1m[32mvendors~admin_card_list~app_list~connection_list~connector_list~invoker_list~scheduler~template_list~ca6e9efc.js[39m[22m    879 KiB  [1mvendors~admin_card_list~app_list~connection_list~connector_list~invoker_list~scheduler~template_list~ca6e9efc[39m[22m  [1m[32m[39m[22m       vendors~admin_card_list~app_list~connection_list~connector_list~invoker_list~scheduler~template_list~ca6e9efc
[1m[32mvendors~admin_card_list~app_list~connection_list~connector_list~invoker_list~scheduler~template_list~ca6e9efc.js.map[39m[22m   1.51 KiB  [1mvendors~admin_card_list~app_list~connection_list~connector_list~invoker_list~scheduler~template_list~ca6e9efc[39m[22m  [1m[32m[dev][39m[22m  vendors~admin_card_list~app_list~connection_list~connector_list~invoker_list~scheduler~template_list~ca6e9efc
    [1m[32mvendors~connection_add~connection_update~connection_view~connector_add~connector_update~invoker_upda~4fa5c885.js[39m[22m    578 KiB  [1mvendors~connection_add~connection_update~connection_view~connector_add~connector_update~invoker_upda~4fa5c885[39m[22m  [1m[32m[39m[22m       vendors~connection_add~connection_update~connection_view~connector_add~connector_update~invoker_upda~4fa5c885
[1m[32mvendors~connection_add~connection_update~connection_view~connector_add~connector_update~invoker_upda~4fa5c885.js.map[39m[22m  299 bytes  [1mvendors~connection_add~connection_update~connection_view~connector_add~connector_update~invoker_upda~4fa5c885[39m[22m  [1m[32m[dev][39m[22m  vendors~connection_add~connection_update~connection_view~connector_add~connector_update~invoker_upda~4fa5c885
    [1m[32mvendors~connection_add~connection_update~connection_view~connector_add~connector_update~invoker_upda~c9f49211.js[39m[22m   5.72 MiB  [1mvendors~connection_add~connection_update~connection_view~connector_add~connector_update~invoker_upda~c9f49211[39m[22m  [1m[32m[39m[22m       vendors~connection_add~connection_update~connection_view~connector_add~connector_update~invoker_upda~c9f49211
[1m[32mvendors~connection_add~connection_update~connection_view~connector_add~connector_update~invoker_upda~c9f49211.js.map[39m[22m  682 bytes  [1mvendors~connection_add~connection_update~connection_view~connector_add~connector_update~invoker_upda~c9f49211[39m[22m  [1m[32m[dev][39m[22m  vendors~connection_add~connection_update~connection_view~connector_add~connector_update~invoker_upda~c9f49211
    [1m[32mvendors~connection_add~connection_update~connection_view~connector_add~connector_update~invoker_upda~e55478b5.js[39m[22m    104 KiB  [1mvendors~connection_add~connection_update~connection_view~connector_add~connector_update~invoker_upda~e55478b5[39m[22m  [1m[32m[39m[22m       vendors~connection_add~connection_update~connection_view~connector_add~connector_update~invoker_upda~e55478b5
[1m[32mvendors~connection_add~connection_update~connection_view~connector_add~connector_update~invoker_upda~e55478b5.js.map[39m[22m  299 bytes  [1mvendors~connection_add~connection_update~connection_view~connector_add~connector_update~invoker_upda~e55478b5[39m[22m  [1m[32m[dev][39m[22m  vendors~connection_add~connection_update~connection_view~connector_add~connector_update~invoker_upda~e55478b5
    [1m[32mvendors~connection_add~connection_update~connection_view~connector_add~connector_update~invoker_upda~f04778ab.js[39m[22m   58.7 KiB  [1mvendors~connection_add~connection_update~connection_view~connector_add~connector_update~invoker_upda~f04778ab[39m[22m  [1m[32m[39m[22m       vendors~connection_add~connection_update~connection_view~connector_add~connector_update~invoker_upda~f04778ab
[1m[32mvendors~connection_add~connection_update~connection_view~connector_add~connector_update~invoker_upda~f04778ab.js.map[39m[22m  251 bytes  [1mvendors~connection_add~connection_update~connection_view~connector_add~connector_update~invoker_upda~f04778ab[39m[22m  [1m[32m[dev][39m[22m  vendors~connection_add~connection_update~connection_view~connector_add~connector_update~invoker_upda~f04778ab
                                                                                         [1m[32mvendors~connection_graph.js[39m[22m    403 KiB                                                                                       [1mvendors~connection_graph[39m[22m  [1m[32m[39m[22m       vendors~connection_graph
                                                                                     [1m[32mvendors~connection_graph.js.map[39m[22m  144 bytes                                                                                       [1mvendors~connection_graph[39m[22m  [1m[32m[dev][39m[22m  vendors~connection_graph
                                                                                     [1m[32mvendors~my_profile~scheduler.js[39m[22m   47.9 KiB                                                                                   [1mvendors~my_profile~scheduler[39m[22m  [1m[32m[39m[22m       vendors~my_profile~scheduler
                                                                                 [1m[32mvendors~my_profile~scheduler.js.map[39m[22m  158 bytes                                                                                   [1mvendors~my_profile~scheduler[39m[22m  [1m[32m[dev][39m[22m  vendors~my_profile~scheduler
Entrypoint [1mbundle[39m[22m = [1m[32mbundle.js[39m[22m [1m[32mbundle.js.map[39m[22m
[[1m./app/components/App.js[39m[22m] 4.24 KiB {[1m[33mbundle[39m[22m}
[[1m./app/components/general/app/Loading.js[39m[22m] 4.39 KiB {[1m[33mbundle[39m[22m}
[[1m./app/index.js[39m[22m] 992 bytes {[1m[33mbundle[39m[22m}
[[1m./app/utils/auth.js[39m[22m] 7.14 KiB {[1m[33mbundle[39m[22m}
[[1m./app/utils/i18n.js[39m[22m] 2.13 KiB {[1m[33mbundle[39m[22m}
[[1m./app/utils/routes.js[39m[22m] 7.41 KiB {[1m[33mbundle[39m[22m}
[[1m./app/utils/store.js[39m[22m] 4.32 KiB {[1m[33mbundle[39m[22m}
[[1m./node_modules/react-dom/cjs/react-dom.development.js[39m[22m] 945 KiB {[1m[33mbundle[39m[22m}
[[1m./node_modules/react-dom/index.js[39m[22m] 1.33 KiB {[1m[33mbundle[39m[22m}
[[1m./node_modules/react-hot-loader/index.js[39m[22m] 1.55 KiB {[1m[33mbundle[39m[22m}
[[1m./node_modules/react-redux/es/index.js[39m[22m] 229 bytes {[1m[33mbundle[39m[22m}
[[1m./node_modules/react-router-redux/lib/index.js[39m[22m] 1.92 KiB {[1m[33mbundle[39m[22m}
[[1m./node_modules/react-router/es/index.js[39m[22m] 1.43 KiB {[1m[33mbundle[39m[22m}
[[1m./node_modules/react/cjs/react.development.js[39m[22m] 72.7 KiB {[1m[33mbundle[39m[22m}
[[1m./node_modules/react/index.js[39m[22m] 190 bytes {[1m[33mbundle[39m[22m}
    + 2005 hidden modules
[34mℹ[39m [90m｢wdm｣[39m: Compiled successfully.
[Browsersync] Couldn't open browser (if you are using BrowserSync in a headless environment, you might want to set the open option to false)
